<?xml version="1.0" encoding="UTF-8"?>
<testsuite xmlns:xsi="http://www.w3.org/2001/XMLSchema-instance" xsi:noNamespaceSchemaLocation="https://maven.apache.org/surefire/maven-surefire-plugin/xsd/surefire-test-report.xsd" name="edu.ucsb.cs56.ratcalc.model.RationalTest" time="0.058" tests="45" errors="0" skipped="0" failures="0">
  <properties>
    <property name="awt.toolkit" value="sun.awt.X11.XToolkit"/>
    <property name="java.specification.version" value="11"/>
    <property name="sun.cpu.isalist" value=""/>
    <property name="sun.jnu.encoding" value="UTF-8"/>
    <property name="java.class.path" value="/cs/student/ethanscott/cs56/lab04-ethan-scott/target/test-classes:/cs/student/ethanscott/cs56/lab04-ethan-scott/target/classes:/cs/student/ethanscott/.m2/repository/org/springframework/boot/spring-boot-starter-web/2.2.2.RELEASE/spring-boot-starter-web-2.2.2.RELEASE.jar:/cs/student/ethanscott/.m2/repository/org/springframework/boot/spring-boot-starter/2.2.2.RELEASE/spring-boot-starter-2.2.2.RELEASE.jar:/cs/student/ethanscott/.m2/repository/org/springframework/boot/spring-boot/2.2.2.RELEASE/spring-boot-2.2.2.RELEASE.jar:/cs/student/ethanscott/.m2/repository/org/springframework/boot/spring-boot-autoconfigure/2.2.2.RELEASE/spring-boot-autoconfigure-2.2.2.RELEASE.jar:/cs/student/ethanscott/.m2/repository/org/springframework/boot/spring-boot-starter-logging/2.2.2.RELEASE/spring-boot-starter-logging-2.2.2.RELEASE.jar:/cs/student/ethanscott/.m2/repository/ch/qos/logback/logback-classic/1.2.3/logback-classic-1.2.3.jar:/cs/student/ethanscott/.m2/repository/ch/qos/logback/logback-core/1.2.3/logback-core-1.2.3.jar:/cs/student/ethanscott/.m2/repository/org/apache/logging/log4j/log4j-to-slf4j/2.12.1/log4j-to-slf4j-2.12.1.jar:/cs/student/ethanscott/.m2/repository/org/apache/logging/log4j/log4j-api/2.12.1/log4j-api-2.12.1.jar:/cs/student/ethanscott/.m2/repository/org/slf4j/jul-to-slf4j/1.7.29/jul-to-slf4j-1.7.29.jar:/cs/student/ethanscott/.m2/repository/jakarta/annotation/jakarta.annotation-api/1.3.5/jakarta.annotation-api-1.3.5.jar:/cs/student/ethanscott/.m2/repository/org/yaml/snakeyaml/1.25/snakeyaml-1.25.jar:/cs/student/ethanscott/.m2/repository/org/springframework/boot/spring-boot-starter-json/2.2.2.RELEASE/spring-boot-starter-json-2.2.2.RELEASE.jar:/cs/student/ethanscott/.m2/repository/com/fasterxml/jackson/core/jackson-databind/2.10.1/jackson-databind-2.10.1.jar:/cs/student/ethanscott/.m2/repository/com/fasterxml/jackson/core/jackson-annotations/2.10.1/jackson-annotations-2.10.1.jar:/cs/student/ethanscott/.m2/repository/com/fasterxml/jackson/core/jackson-core/2.10.1/jackson-core-2.10.1.jar:/cs/student/ethanscott/.m2/repository/com/fasterxml/jackson/datatype/jackson-datatype-jdk8/2.10.1/jackson-datatype-jdk8-2.10.1.jar:/cs/student/ethanscott/.m2/repository/com/fasterxml/jackson/datatype/jackson-datatype-jsr310/2.10.1/jackson-datatype-jsr310-2.10.1.jar:/cs/student/ethanscott/.m2/repository/com/fasterxml/jackson/module/jackson-module-parameter-names/2.10.1/jackson-module-parameter-names-2.10.1.jar:/cs/student/ethanscott/.m2/repository/org/springframework/boot/spring-boot-starter-tomcat/2.2.2.RELEASE/spring-boot-starter-tomcat-2.2.2.RELEASE.jar:/cs/student/ethanscott/.m2/repository/org/apache/tomcat/embed/tomcat-embed-core/9.0.29/tomcat-embed-core-9.0.29.jar:/cs/student/ethanscott/.m2/repository/org/apache/tomcat/embed/tomcat-embed-el/9.0.29/tomcat-embed-el-9.0.29.jar:/cs/student/ethanscott/.m2/repository/org/apache/tomcat/embed/tomcat-embed-websocket/9.0.29/tomcat-embed-websocket-9.0.29.jar:/cs/student/ethanscott/.m2/repository/org/springframework/boot/spring-boot-starter-validation/2.2.2.RELEASE/spring-boot-starter-validation-2.2.2.RELEASE.jar:/cs/student/ethanscott/.m2/repository/jakarta/validation/jakarta.validation-api/2.0.1/jakarta.validation-api-2.0.1.jar:/cs/student/ethanscott/.m2/repository/org/hibernate/validator/hibernate-validator/6.0.18.Final/hibernate-validator-6.0.18.Final.jar:/cs/student/ethanscott/.m2/repository/org/jboss/logging/jboss-logging/3.4.1.Final/jboss-logging-3.4.1.Final.jar:/cs/student/ethanscott/.m2/repository/com/fasterxml/classmate/1.5.1/classmate-1.5.1.jar:/cs/student/ethanscott/.m2/repository/org/springframework/spring-web/5.2.2.RELEASE/spring-web-5.2.2.RELEASE.jar:/cs/student/ethanscott/.m2/repository/org/springframework/spring-beans/5.2.2.RELEASE/spring-beans-5.2.2.RELEASE.jar:/cs/student/ethanscott/.m2/repository/org/springframework/spring-webmvc/5.2.2.RELEASE/spring-webmvc-5.2.2.RELEASE.jar:/cs/student/ethanscott/.m2/repository/org/springframework/spring-aop/5.2.2.RELEASE/spring-aop-5.2.2.RELEASE.jar:/cs/student/ethanscott/.m2/repository/org/springframework/spring-context/5.2.2.RELEASE/spring-context-5.2.2.RELEASE.jar:/cs/student/ethanscott/.m2/repository/org/springframework/spring-expression/5.2.2.RELEASE/spring-expression-5.2.2.RELEASE.jar:/cs/student/ethanscott/.m2/repository/org/springframework/boot/spring-boot-starter-actuator/2.2.2.RELEASE/spring-boot-starter-actuator-2.2.2.RELEASE.jar:/cs/student/ethanscott/.m2/repository/org/springframework/boot/spring-boot-actuator-autoconfigure/2.2.2.RELEASE/spring-boot-actuator-autoconfigure-2.2.2.RELEASE.jar:/cs/student/ethanscott/.m2/repository/org/springframework/boot/spring-boot-actuator/2.2.2.RELEASE/spring-boot-actuator-2.2.2.RELEASE.jar:/cs/student/ethanscott/.m2/repository/io/micrometer/micrometer-core/1.3.1/micrometer-core-1.3.1.jar:/cs/student/ethanscott/.m2/repository/org/hdrhistogram/HdrHistogram/2.1.11/HdrHistogram-2.1.11.jar:/cs/student/ethanscott/.m2/repository/org/latencyutils/LatencyUtils/2.0.3/LatencyUtils-2.0.3.jar:/cs/student/ethanscott/.m2/repository/org/springframework/boot/spring-boot-starter-test/2.2.2.RELEASE/spring-boot-starter-test-2.2.2.RELEASE.jar:/cs/student/ethanscott/.m2/repository/org/springframework/boot/spring-boot-test/2.2.2.RELEASE/spring-boot-test-2.2.2.RELEASE.jar:/cs/student/ethanscott/.m2/repository/org/springframework/boot/spring-boot-test-autoconfigure/2.2.2.RELEASE/spring-boot-test-autoconfigure-2.2.2.RELEASE.jar:/cs/student/ethanscott/.m2/repository/com/jayway/jsonpath/json-path/2.4.0/json-path-2.4.0.jar:/cs/student/ethanscott/.m2/repository/net/minidev/json-smart/2.3/json-smart-2.3.jar:/cs/student/ethanscott/.m2/repository/net/minidev/accessors-smart/1.2/accessors-smart-1.2.jar:/cs/student/ethanscott/.m2/repository/org/ow2/asm/asm/5.0.4/asm-5.0.4.jar:/cs/student/ethanscott/.m2/repository/org/slf4j/slf4j-api/1.7.29/slf4j-api-1.7.29.jar:/cs/student/ethanscott/.m2/repository/jakarta/xml/bind/jakarta.xml.bind-api/2.3.2/jakarta.xml.bind-api-2.3.2.jar:/cs/student/ethanscott/.m2/repository/jakarta/activation/jakarta.activation-api/1.2.1/jakarta.activation-api-1.2.1.jar:/cs/student/ethanscott/.m2/repository/org/junit/jupiter/junit-jupiter/5.5.2/junit-jupiter-5.5.2.jar:/cs/student/ethanscott/.m2/repository/org/junit/jupiter/junit-jupiter-api/5.5.2/junit-jupiter-api-5.5.2.jar:/cs/student/ethanscott/.m2/repository/org/opentest4j/opentest4j/1.2.0/opentest4j-1.2.0.jar:/cs/student/ethanscott/.m2/repository/org/junit/platform/junit-platform-commons/1.5.2/junit-platform-commons-1.5.2.jar:/cs/student/ethanscott/.m2/repository/org/junit/jupiter/junit-jupiter-params/5.5.2/junit-jupiter-params-5.5.2.jar:/cs/student/ethanscott/.m2/repository/org/junit/jupiter/junit-jupiter-engine/5.5.2/junit-jupiter-engine-5.5.2.jar:/cs/student/ethanscott/.m2/repository/org/junit/vintage/junit-vintage-engine/5.5.2/junit-vintage-engine-5.5.2.jar:/cs/student/ethanscott/.m2/repository/org/apiguardian/apiguardian-api/1.1.0/apiguardian-api-1.1.0.jar:/cs/student/ethanscott/.m2/repository/org/junit/platform/junit-platform-engine/1.5.2/junit-platform-engine-1.5.2.jar:/cs/student/ethanscott/.m2/repository/junit/junit/4.12/junit-4.12.jar:/cs/student/ethanscott/.m2/repository/org/mockito/mockito-junit-jupiter/3.1.0/mockito-junit-jupiter-3.1.0.jar:/cs/student/ethanscott/.m2/repository/org/assertj/assertj-core/3.13.2/assertj-core-3.13.2.jar:/cs/student/ethanscott/.m2/repository/org/hamcrest/hamcrest/2.1/hamcrest-2.1.jar:/cs/student/ethanscott/.m2/repository/org/mockito/mockito-core/3.1.0/mockito-core-3.1.0.jar:/cs/student/ethanscott/.m2/repository/net/bytebuddy/byte-buddy/1.10.4/byte-buddy-1.10.4.jar:/cs/student/ethanscott/.m2/repository/net/bytebuddy/byte-buddy-agent/1.10.4/byte-buddy-agent-1.10.4.jar:/cs/student/ethanscott/.m2/repository/org/objenesis/objenesis/2.6/objenesis-2.6.jar:/cs/student/ethanscott/.m2/repository/org/skyscreamer/jsonassert/1.5.0/jsonassert-1.5.0.jar:/cs/student/ethanscott/.m2/repository/com/vaadin/external/google/android-json/0.0.20131108.vaadin1/android-json-0.0.20131108.vaadin1.jar:/cs/student/ethanscott/.m2/repository/org/springframework/spring-core/5.2.2.RELEASE/spring-core-5.2.2.RELEASE.jar:/cs/student/ethanscott/.m2/repository/org/springframework/spring-jcl/5.2.2.RELEASE/spring-jcl-5.2.2.RELEASE.jar:/cs/student/ethanscott/.m2/repository/org/springframework/spring-test/5.2.2.RELEASE/spring-test-5.2.2.RELEASE.jar:/cs/student/ethanscott/.m2/repository/org/xmlunit/xmlunit-core/2.6.3/xmlunit-core-2.6.3.jar:/cs/student/ethanscott/.m2/repository/org/springframework/boot/spring-boot-starter-thymeleaf/2.2.2.RELEASE/spring-boot-starter-thymeleaf-2.2.2.RELEASE.jar:/cs/student/ethanscott/.m2/repository/org/thymeleaf/thymeleaf-spring5/3.0.11.RELEASE/thymeleaf-spring5-3.0.11.RELEASE.jar:/cs/student/ethanscott/.m2/repository/org/thymeleaf/thymeleaf/3.0.11.RELEASE/thymeleaf-3.0.11.RELEASE.jar:/cs/student/ethanscott/.m2/repository/org/attoparser/attoparser/2.0.5.RELEASE/attoparser-2.0.5.RELEASE.jar:/cs/student/ethanscott/.m2/repository/org/unbescape/unbescape/1.1.6.RELEASE/unbescape-1.1.6.RELEASE.jar:/cs/student/ethanscott/.m2/repository/org/thymeleaf/extras/thymeleaf-extras-java8time/3.0.4.RELEASE/thymeleaf-extras-java8time-3.0.4.RELEASE.jar:"/>
    <property name="java.vm.vendor" value="Oracle Corporation"/>
    <property name="sun.arch.data.model" value="64"/>
    <property name="java.vendor.url" value="http://java.oracle.com/"/>
    <property name="user.timezone" value=""/>
    <property name="java.vm.specification.version" value="11"/>
    <property name="os.name" value="Linux"/>
    <property name="sun.java.launcher" value="SUN_STANDARD"/>
    <property name="user.country" value="US"/>
    <property name="sun.boot.library.path" value="/usr/lib/jvm/java-11-openjdk-11.0.5.10-0.fc29.x86_64/lib"/>
    <property name="sun.java.command" value="/cs/student/ethanscott/cs56/lab04-ethan-scott/target/surefire/surefirebooter7448799893534644790.jar /cs/student/ethanscott/cs56/lab04-ethan-scott/target/surefire 2020-01-31T15-44-39_273-jvmRun1 surefire16464480607021901683tmp surefire_018239726553687976018tmp"/>
    <property name="jdk.debug" value="release"/>
    <property name="surefire.test.class.path" value="/cs/student/ethanscott/cs56/lab04-ethan-scott/target/test-classes:/cs/student/ethanscott/cs56/lab04-ethan-scott/target/classes:/cs/student/ethanscott/.m2/repository/org/springframework/boot/spring-boot-starter-web/2.2.2.RELEASE/spring-boot-starter-web-2.2.2.RELEASE.jar:/cs/student/ethanscott/.m2/repository/org/springframework/boot/spring-boot-starter/2.2.2.RELEASE/spring-boot-starter-2.2.2.RELEASE.jar:/cs/student/ethanscott/.m2/repository/org/springframework/boot/spring-boot/2.2.2.RELEASE/spring-boot-2.2.2.RELEASE.jar:/cs/student/ethanscott/.m2/repository/org/springframework/boot/spring-boot-autoconfigure/2.2.2.RELEASE/spring-boot-autoconfigure-2.2.2.RELEASE.jar:/cs/student/ethanscott/.m2/repository/org/springframework/boot/spring-boot-starter-logging/2.2.2.RELEASE/spring-boot-starter-logging-2.2.2.RELEASE.jar:/cs/student/ethanscott/.m2/repository/ch/qos/logback/logback-classic/1.2.3/logback-classic-1.2.3.jar:/cs/student/ethanscott/.m2/repository/ch/qos/logback/logback-core/1.2.3/logback-core-1.2.3.jar:/cs/student/ethanscott/.m2/repository/org/apache/logging/log4j/log4j-to-slf4j/2.12.1/log4j-to-slf4j-2.12.1.jar:/cs/student/ethanscott/.m2/repository/org/apache/logging/log4j/log4j-api/2.12.1/log4j-api-2.12.1.jar:/cs/student/ethanscott/.m2/repository/org/slf4j/jul-to-slf4j/1.7.29/jul-to-slf4j-1.7.29.jar:/cs/student/ethanscott/.m2/repository/jakarta/annotation/jakarta.annotation-api/1.3.5/jakarta.annotation-api-1.3.5.jar:/cs/student/ethanscott/.m2/repository/org/yaml/snakeyaml/1.25/snakeyaml-1.25.jar:/cs/student/ethanscott/.m2/repository/org/springframework/boot/spring-boot-starter-json/2.2.2.RELEASE/spring-boot-starter-json-2.2.2.RELEASE.jar:/cs/student/ethanscott/.m2/repository/com/fasterxml/jackson/core/jackson-databind/2.10.1/jackson-databind-2.10.1.jar:/cs/student/ethanscott/.m2/repository/com/fasterxml/jackson/core/jackson-annotations/2.10.1/jackson-annotations-2.10.1.jar:/cs/student/ethanscott/.m2/repository/com/fasterxml/jackson/core/jackson-core/2.10.1/jackson-core-2.10.1.jar:/cs/student/ethanscott/.m2/repository/com/fasterxml/jackson/datatype/jackson-datatype-jdk8/2.10.1/jackson-datatype-jdk8-2.10.1.jar:/cs/student/ethanscott/.m2/repository/com/fasterxml/jackson/datatype/jackson-datatype-jsr310/2.10.1/jackson-datatype-jsr310-2.10.1.jar:/cs/student/ethanscott/.m2/repository/com/fasterxml/jackson/module/jackson-module-parameter-names/2.10.1/jackson-module-parameter-names-2.10.1.jar:/cs/student/ethanscott/.m2/repository/org/springframework/boot/spring-boot-starter-tomcat/2.2.2.RELEASE/spring-boot-starter-tomcat-2.2.2.RELEASE.jar:/cs/student/ethanscott/.m2/repository/org/apache/tomcat/embed/tomcat-embed-core/9.0.29/tomcat-embed-core-9.0.29.jar:/cs/student/ethanscott/.m2/repository/org/apache/tomcat/embed/tomcat-embed-el/9.0.29/tomcat-embed-el-9.0.29.jar:/cs/student/ethanscott/.m2/repository/org/apache/tomcat/embed/tomcat-embed-websocket/9.0.29/tomcat-embed-websocket-9.0.29.jar:/cs/student/ethanscott/.m2/repository/org/springframework/boot/spring-boot-starter-validation/2.2.2.RELEASE/spring-boot-starter-validation-2.2.2.RELEASE.jar:/cs/student/ethanscott/.m2/repository/jakarta/validation/jakarta.validation-api/2.0.1/jakarta.validation-api-2.0.1.jar:/cs/student/ethanscott/.m2/repository/org/hibernate/validator/hibernate-validator/6.0.18.Final/hibernate-validator-6.0.18.Final.jar:/cs/student/ethanscott/.m2/repository/org/jboss/logging/jboss-logging/3.4.1.Final/jboss-logging-3.4.1.Final.jar:/cs/student/ethanscott/.m2/repository/com/fasterxml/classmate/1.5.1/classmate-1.5.1.jar:/cs/student/ethanscott/.m2/repository/org/springframework/spring-web/5.2.2.RELEASE/spring-web-5.2.2.RELEASE.jar:/cs/student/ethanscott/.m2/repository/org/springframework/spring-beans/5.2.2.RELEASE/spring-beans-5.2.2.RELEASE.jar:/cs/student/ethanscott/.m2/repository/org/springframework/spring-webmvc/5.2.2.RELEASE/spring-webmvc-5.2.2.RELEASE.jar:/cs/student/ethanscott/.m2/repository/org/springframework/spring-aop/5.2.2.RELEASE/spring-aop-5.2.2.RELEASE.jar:/cs/student/ethanscott/.m2/repository/org/springframework/spring-context/5.2.2.RELEASE/spring-context-5.2.2.RELEASE.jar:/cs/student/ethanscott/.m2/repository/org/springframework/spring-expression/5.2.2.RELEASE/spring-expression-5.2.2.RELEASE.jar:/cs/student/ethanscott/.m2/repository/org/springframework/boot/spring-boot-starter-actuator/2.2.2.RELEASE/spring-boot-starter-actuator-2.2.2.RELEASE.jar:/cs/student/ethanscott/.m2/repository/org/springframework/boot/spring-boot-actuator-autoconfigure/2.2.2.RELEASE/spring-boot-actuator-autoconfigure-2.2.2.RELEASE.jar:/cs/student/ethanscott/.m2/repository/org/springframework/boot/spring-boot-actuator/2.2.2.RELEASE/spring-boot-actuator-2.2.2.RELEASE.jar:/cs/student/ethanscott/.m2/repository/io/micrometer/micrometer-core/1.3.1/micrometer-core-1.3.1.jar:/cs/student/ethanscott/.m2/repository/org/hdrhistogram/HdrHistogram/2.1.11/HdrHistogram-2.1.11.jar:/cs/student/ethanscott/.m2/repository/org/latencyutils/LatencyUtils/2.0.3/LatencyUtils-2.0.3.jar:/cs/student/ethanscott/.m2/repository/org/springframework/boot/spring-boot-starter-test/2.2.2.RELEASE/spring-boot-starter-test-2.2.2.RELEASE.jar:/cs/student/ethanscott/.m2/repository/org/springframework/boot/spring-boot-test/2.2.2.RELEASE/spring-boot-test-2.2.2.RELEASE.jar:/cs/student/ethanscott/.m2/repository/org/springframework/boot/spring-boot-test-autoconfigure/2.2.2.RELEASE/spring-boot-test-autoconfigure-2.2.2.RELEASE.jar:/cs/student/ethanscott/.m2/repository/com/jayway/jsonpath/json-path/2.4.0/json-path-2.4.0.jar:/cs/student/ethanscott/.m2/repository/net/minidev/json-smart/2.3/json-smart-2.3.jar:/cs/student/ethanscott/.m2/repository/net/minidev/accessors-smart/1.2/accessors-smart-1.2.jar:/cs/student/ethanscott/.m2/repository/org/ow2/asm/asm/5.0.4/asm-5.0.4.jar:/cs/student/ethanscott/.m2/repository/org/slf4j/slf4j-api/1.7.29/slf4j-api-1.7.29.jar:/cs/student/ethanscott/.m2/repository/jakarta/xml/bind/jakarta.xml.bind-api/2.3.2/jakarta.xml.bind-api-2.3.2.jar:/cs/student/ethanscott/.m2/repository/jakarta/activation/jakarta.activation-api/1.2.1/jakarta.activation-api-1.2.1.jar:/cs/student/ethanscott/.m2/repository/org/junit/jupiter/junit-jupiter/5.5.2/junit-jupiter-5.5.2.jar:/cs/student/ethanscott/.m2/repository/org/junit/jupiter/junit-jupiter-api/5.5.2/junit-jupiter-api-5.5.2.jar:/cs/student/ethanscott/.m2/repository/org/opentest4j/opentest4j/1.2.0/opentest4j-1.2.0.jar:/cs/student/ethanscott/.m2/repository/org/junit/platform/junit-platform-commons/1.5.2/junit-platform-commons-1.5.2.jar:/cs/student/ethanscott/.m2/repository/org/junit/jupiter/junit-jupiter-params/5.5.2/junit-jupiter-params-5.5.2.jar:/cs/student/ethanscott/.m2/repository/org/junit/jupiter/junit-jupiter-engine/5.5.2/junit-jupiter-engine-5.5.2.jar:/cs/student/ethanscott/.m2/repository/org/junit/vintage/junit-vintage-engine/5.5.2/junit-vintage-engine-5.5.2.jar:/cs/student/ethanscott/.m2/repository/org/apiguardian/apiguardian-api/1.1.0/apiguardian-api-1.1.0.jar:/cs/student/ethanscott/.m2/repository/org/junit/platform/junit-platform-engine/1.5.2/junit-platform-engine-1.5.2.jar:/cs/student/ethanscott/.m2/repository/junit/junit/4.12/junit-4.12.jar:/cs/student/ethanscott/.m2/repository/org/mockito/mockito-junit-jupiter/3.1.0/mockito-junit-jupiter-3.1.0.jar:/cs/student/ethanscott/.m2/repository/org/assertj/assertj-core/3.13.2/assertj-core-3.13.2.jar:/cs/student/ethanscott/.m2/repository/org/hamcrest/hamcrest/2.1/hamcrest-2.1.jar:/cs/student/ethanscott/.m2/repository/org/mockito/mockito-core/3.1.0/mockito-core-3.1.0.jar:/cs/student/ethanscott/.m2/repository/net/bytebuddy/byte-buddy/1.10.4/byte-buddy-1.10.4.jar:/cs/student/ethanscott/.m2/repository/net/bytebuddy/byte-buddy-agent/1.10.4/byte-buddy-agent-1.10.4.jar:/cs/student/ethanscott/.m2/repository/org/objenesis/objenesis/2.6/objenesis-2.6.jar:/cs/student/ethanscott/.m2/repository/org/skyscreamer/jsonassert/1.5.0/jsonassert-1.5.0.jar:/cs/student/ethanscott/.m2/repository/com/vaadin/external/google/android-json/0.0.20131108.vaadin1/android-json-0.0.20131108.vaadin1.jar:/cs/student/ethanscott/.m2/repository/org/springframework/spring-core/5.2.2.RELEASE/spring-core-5.2.2.RELEASE.jar:/cs/student/ethanscott/.m2/repository/org/springframework/spring-jcl/5.2.2.RELEASE/spring-jcl-5.2.2.RELEASE.jar:/cs/student/ethanscott/.m2/repository/org/springframework/spring-test/5.2.2.RELEASE/spring-test-5.2.2.RELEASE.jar:/cs/student/ethanscott/.m2/repository/org/xmlunit/xmlunit-core/2.6.3/xmlunit-core-2.6.3.jar:/cs/student/ethanscott/.m2/repository/org/springframework/boot/spring-boot-starter-thymeleaf/2.2.2.RELEASE/spring-boot-starter-thymeleaf-2.2.2.RELEASE.jar:/cs/student/ethanscott/.m2/repository/org/thymeleaf/thymeleaf-spring5/3.0.11.RELEASE/thymeleaf-spring5-3.0.11.RELEASE.jar:/cs/student/ethanscott/.m2/repository/org/thymeleaf/thymeleaf/3.0.11.RELEASE/thymeleaf-3.0.11.RELEASE.jar:/cs/student/ethanscott/.m2/repository/org/attoparser/attoparser/2.0.5.RELEASE/attoparser-2.0.5.RELEASE.jar:/cs/student/ethanscott/.m2/repository/org/unbescape/unbescape/1.1.6.RELEASE/unbescape-1.1.6.RELEASE.jar:/cs/student/ethanscott/.m2/repository/org/thymeleaf/extras/thymeleaf-extras-java8time/3.0.4.RELEASE/thymeleaf-extras-java8time-3.0.4.RELEASE.jar:"/>
    <property name="sun.cpu.endian" value="little"/>
    <property name="user.home" value="/cs/student/ethanscott"/>
    <property name="user.language" value="en"/>
    <property name="java.specification.vendor" value="Oracle Corporation"/>
    <property name="java.version.date" value="2019-10-15"/>
    <property name="java.home" value="/usr/lib/jvm/java-11-openjdk-11.0.5.10-0.fc29.x86_64"/>
    <property name="file.separator" value="/"/>
    <property name="basedir" value="/cs/student/ethanscott/cs56/lab04-ethan-scott"/>
    <property name="java.vm.compressedOopsMode" value="32-bit"/>
    <property name="line.separator" value="&#10;"/>
    <property name="java.specification.name" value="Java Platform API Specification"/>
    <property name="java.vm.specification.vendor" value="Oracle Corporation"/>
    <property name="java.awt.graphicsenv" value="sun.awt.X11GraphicsEnvironment"/>
    <property name="surefire.real.class.path" value="/cs/student/ethanscott/cs56/lab04-ethan-scott/target/surefire/surefirebooter7448799893534644790.jar"/>
    <property name="sun.management.compiler" value="HotSpot 64-Bit Tiered Compilers"/>
    <property name="java.runtime.version" value="11.0.5+10"/>
    <property name="user.name" value="ethanscott"/>
    <property name="path.separator" value=":"/>
    <property name="os.version" value="5.3.11-100.fc29.x86_64"/>
    <property name="java.runtime.name" value="OpenJDK Runtime Environment"/>
    <property name="file.encoding" value="UTF-8"/>
    <property name="java.vm.name" value="OpenJDK 64-Bit Server VM"/>
    <property name="java.vendor.version" value="18.9"/>
    <property name="localRepository" value="/cs/student/ethanscott/.m2/repository"/>
    <property name="java.vendor.url.bug" value="http://bugreport.java.com/bugreport/"/>
    <property name="java.io.tmpdir" value="/tmp"/>
    <property name="java.version" value="11.0.5"/>
    <property name="user.dir" value="/cs/student/ethanscott/cs56/lab04-ethan-scott"/>
    <property name="os.arch" value="amd64"/>
    <property name="java.vm.specification.name" value="Java Virtual Machine Specification"/>
    <property name="java.awt.printerjob" value="sun.print.PSPrinterJob"/>
    <property name="sun.os.patch.level" value="unknown"/>
    <property name="java.library.path" value="/usr/java/packages/lib:/usr/lib64:/lib64:/lib:/usr/lib"/>
    <property name="java.vendor" value="Oracle Corporation"/>
    <property name="java.vm.info" value="mixed mode, sharing"/>
    <property name="java.vm.version" value="11.0.5+10"/>
    <property name="sun.io.unicode.encoding" value="UnicodeLittle"/>
    <property name="java.class.version" value="55.0"/>
  </properties>
  <testcase name="test_sum_m20_25_and_25_20" classname="edu.ucsb.cs56.ratcalc.model.RationalTest" time="0.008"/>
  <testcase name="test_getDenominator_13_4" classname="edu.ucsb.cs56.ratcalc.model.RationalTest" time="0"/>
  <testcase name="test_r_3_7_times_r_13_4" classname="edu.ucsb.cs56.ratcalc.model.RationalTest" time="0"/>
  <testcase name="test_sum_5_15_and_5_15" classname="edu.ucsb.cs56.ratcalc.model.RationalTest" time="0"/>
  <testcase name="test_r_m3_1_times_1_m3" classname="edu.ucsb.cs56.ratcalc.model.RationalTest" time="0.007"/>
  <testcase name="test_gcd_15_5" classname="edu.ucsb.cs56.ratcalc.model.RationalTest" time="0"/>
  <testcase name="test_gcd_17_5" classname="edu.ucsb.cs56.ratcalc.model.RationalTest" time="0"/>
  <testcase name="test_gcd_24_6" classname="edu.ucsb.cs56.ratcalc.model.RationalTest" time="0"/>
  <testcase name="test_gcd_5_15" classname="edu.ucsb.cs56.ratcalc.model.RationalTest" time="0.001"/>
  <testcase name="test_gcd_1_1" classname="edu.ucsb.cs56.ratcalc.model.RationalTest" time="0"/>
  <testcase name="test_plus_20_25_and_25_20" classname="edu.ucsb.cs56.ratcalc.model.RationalTest" time="0"/>
  <testcase name="test_plus_10_15_and_5_15" classname="edu.ucsb.cs56.ratcalc.model.RationalTest" time="0.002"/>
  <testcase name="test_lcm_1_1" classname="edu.ucsb.cs56.ratcalc.model.RationalTest" time="0"/>
  <testcase name="test_lcm_15_5" classname="edu.ucsb.cs56.ratcalc.model.RationalTest" time="0"/>
  <testcase name="test_lcm_17_5" classname="edu.ucsb.cs56.ratcalc.model.RationalTest" time="0"/>
  <testcase name="test_lcm_24_6" classname="edu.ucsb.cs56.ratcalc.model.RationalTest" time="0"/>
  <testcase name="test_lcm_5_15" classname="edu.ucsb.cs56.ratcalc.model.RationalTest" time="0"/>
  <testcase name="test_plus_m20_25_and_25_20" classname="edu.ucsb.cs56.ratcalc.model.RationalTest" time="0"/>
  <testcase name="test_r_5_15_times_r_3_7" classname="edu.ucsb.cs56.ratcalc.model.RationalTest" time="0.002"/>
  <testcase name="test_sum_10_15_and_5_15" classname="edu.ucsb.cs56.ratcalc.model.RationalTest" time="0"/>
  <testcase name="test_getNumerator_13_4" classname="edu.ucsb.cs56.ratcalc.model.RationalTest" time="0"/>
  <testcase name="test_toString_0_1" classname="edu.ucsb.cs56.ratcalc.model.RationalTest" time="0"/>
  <testcase name="test_toString_3_7" classname="edu.ucsb.cs56.ratcalc.model.RationalTest" time="0"/>
  <testcase name="test_diff_25_20_and_9_10" classname="edu.ucsb.cs56.ratcalc.model.RationalTest" time="0"/>
  <testcase name="test_lcm_20_25" classname="edu.ucsb.cs56.ratcalc.model.RationalTest" time="0"/>
  <testcase name="test_denom_zero" classname="edu.ucsb.cs56.ratcalc.model.RationalTest" time="0"/>
  <testcase name="test_diff_4_1_and_3_2" classname="edu.ucsb.cs56.ratcalc.model.RationalTest" time="0"/>
  <testcase name="test_plus_5_15_and_5_15" classname="edu.ucsb.cs56.ratcalc.model.RationalTest" time="0.002"/>
  <testcase name="test_product_of_r_m3_1_and_1_m3" classname="edu.ucsb.cs56.ratcalc.model.RationalTest" time="0"/>
  <testcase name="test_gcd_20_25" classname="edu.ucsb.cs56.ratcalc.model.RationalTest" time="0"/>
  <testcase name="test_product_of_r_5_15_and_r_3_7" classname="edu.ucsb.cs56.ratcalc.model.RationalTest" time="0"/>
  <testcase name="test_toString_24_6" classname="edu.ucsb.cs56.ratcalc.model.RationalTest" time="0"/>
  <testcase name="test_toString_5_15" classname="edu.ucsb.cs56.ratcalc.model.RationalTest" time="0"/>
  <testcase name="test_getNumerator_20_25" classname="edu.ucsb.cs56.ratcalc.model.RationalTest" time="0"/>
  <testcase name="test_rational_7_m8" classname="edu.ucsb.cs56.ratcalc.model.RationalTest" time="0"/>
  <testcase name="test_rational_m5_6" classname="edu.ucsb.cs56.ratcalc.model.RationalTest" time="0"/>
  <testcase name="test_minus_25_20_and_m9_10" classname="edu.ucsb.cs56.ratcalc.model.RationalTest" time="0"/>
  <testcase name="test_minus_25_20_and_9_10" classname="edu.ucsb.cs56.ratcalc.model.RationalTest" time="0"/>
  <testcase name="test_diff_25_20_and_m9_10" classname="edu.ucsb.cs56.ratcalc.model.RationalTest" time="0"/>
  <testcase name="test_getDenominator_20_25" classname="edu.ucsb.cs56.ratcalc.model.RationalTest" time="0"/>
  <testcase name="test_sum_20_25_and_25_20" classname="edu.ucsb.cs56.ratcalc.model.RationalTest" time="0"/>
  <testcase name="test_rational_m10_m5" classname="edu.ucsb.cs56.ratcalc.model.RationalTest" time="0"/>
  <testcase name="test_toString_20_25" classname="edu.ucsb.cs56.ratcalc.model.RationalTest" time="0"/>
  <testcase name="test_minus_4_1_and_3_2" classname="edu.ucsb.cs56.ratcalc.model.RationalTest" time="0"/>
  <testcase name="test_product_of_r_3_7_and_r_13_4" classname="edu.ucsb.cs56.ratcalc.model.RationalTest" time="0"/>
</testsuite>